2026-01-17 13:04:58,550 - INFO - STARTED Ingestion for file: Uploaded File Stream
2026-01-17 13:04:59,016 - DEBUG - INGESTION ROW: ISIN=LU0251853072 STATUS=PARSED DETAILS=Row 2: Qty=23.644 Op=Acquisto
2026-01-17 13:04:59,016 - DEBUG - INGESTION ROW: ISIN=IT0005186082 STATUS=PARSED DETAILS=Row 3: Qty=1739.742 Op=-
2026-01-17 13:04:59,016 - DEBUG - INGESTION ROW: ISIN=LU0171304552 STATUS=PARSED DETAILS=Row 4: Qty=364.09 Op=-
2026-01-17 13:04:59,017 - DEBUG - INGESTION ROW: ISIN=NLBNPIT2OWW8 STATUS=PARSED DETAILS=Row 5: Qty=150.0 Op=Vendita
2026-01-17 13:04:59,017 - DEBUG - INGESTION ROW: ISIN=XS3124062178 STATUS=PARSED DETAILS=Row 6: Qty=110.0 Op=-
2026-01-17 13:04:59,017 - DEBUG - INGESTION ROW: ISIN=XS3174995152 STATUS=PARSED DETAILS=Row 7: Qty=150.0 Op=-
2026-01-17 13:04:59,017 - DEBUG - INGESTION ROW: ISIN=CH1290280945 STATUS=PARSED DETAILS=Row 8: Qty=10.0 Op=-
2026-01-17 13:04:59,017 - DEBUG - INGESTION ROW: ISIN=CH1467578527 STATUS=PARSED DETAILS=Row 9: Qty=11.0 Op=-
2026-01-17 13:04:59,018 - DEBUG - INGESTION ROW: ISIN=IT0005416570 STATUS=PARSED DETAILS=Row 10: Qty=12000.0 Op=-
2026-01-17 13:04:59,018 - DEBUG - INGESTION ROW: ISIN=LU0170291933 STATUS=PARSED DETAILS=Row 11: Qty=59.205 Op=-
2026-01-17 13:04:59,018 - DEBUG - INGESTION ROW: ISIN=LU1278917452 STATUS=PARSED DETAILS=Row 12: Qty=46.465 Op=-
2026-01-17 13:04:59,018 - DEBUG - INGESTION ROW: ISIN=LU0599946893 STATUS=PARSED DETAILS=Row 13: Qty=151.949 Op=-
2026-01-17 13:04:59,018 - DEBUG - INGESTION ROW: ISIN=IT0001280541 STATUS=PARSED DETAILS=Row 14: Qty=1058.762 Op=-
2026-01-17 13:04:59,019 - DEBUG - INGESTION ROW: ISIN=IT0003459473 STATUS=PARSED DETAILS=Row 15: Qty=962.968 Op=-
2026-01-17 13:04:59,019 - DEBUG - INGESTION ROW: ISIN=LU0766124126 STATUS=PARSED DETAILS=Row 16: Qty=993.46 Op=-
2026-01-17 13:04:59,019 - DEBUG - INGESTION ROW: ISIN=LU0528228157 STATUS=PARSED DETAILS=Row 17: Qty=423.15 Op=-
2026-01-17 13:04:59,019 - DEBUG - INGESTION ROW: ISIN=IE00B4L5Y983 STATUS=PARSED DETAILS=Row 18: Qty=70.0 Op=-
2026-01-17 13:04:59,019 - DEBUG - INGESTION ROW: ISIN=LU0329202252 STATUS=PARSED DETAILS=Row 19: Qty=33.834 Op=-
2026-01-17 13:04:59,020 - DEBUG - INGESTION ROW: ISIN=LU1598691050 STATUS=PARSED DETAILS=Row 20: Qty=78.0 Op=-
2026-01-17 13:04:59,020 - DEBUG - INGESTION ROW: ISIN=IT0005444754 STATUS=PARSED DETAILS=Row 21: Qty=6970.367 Op=-
2026-01-17 13:04:59,020 - DEBUG - INGESTION ROW: ISIN=LU1832969650 STATUS=PARSED DETAILS=Row 22: Qty=573.669 Op=-
2026-01-17 13:04:59,020 - DEBUG - INGESTION ROW: ISIN=LU0119620416 STATUS=PARSED DETAILS=Row 23: Qty=95.162 Op=-
2026-01-17 13:04:59,020 - DEBUG - INGESTION ROW: ISIN=LU0733673288 STATUS=PARSED DETAILS=Row 24: Qty=132.682 Op=-
2026-01-17 13:04:59,020 - DEBUG - INGESTION ROW: ISIN=LU0772944145 STATUS=PARSED DETAILS=Row 25: Qty=69.064 Op=-
2026-01-17 13:04:59,021 - DEBUG - INGESTION ROW: ISIN=NL0011683594 STATUS=PARSED DETAILS=Row 26: Qty=150.0 Op=-
2026-01-17 13:04:59,021 - DEBUG - INGESTION ROW: ISIN=LU2695671391 STATUS=PARSED DETAILS=Row 27: Qty=99.9 Op=-
2026-01-17 13:04:59,021 - DEBUG - INGESTION ROW: ISIN=IE00BMC38736 STATUS=PARSED DETAILS=Row 28: Qty=110.0 Op=-
2026-01-17 13:04:59,021 - DEBUG - INGESTION ROW: ISIN=IE000YYE6WK5 STATUS=PARSED DETAILS=Row 29: Qty=203.0 Op=-
2026-01-17 13:04:59,021 - DEBUG - INGESTION ROW: ISIN=DE000VG2U9L9 STATUS=PARSED DETAILS=Row 30: Qty=120.0 Op=-
2026-01-17 13:04:59,022 - DEBUG - INGESTION ROW: ISIN=LU0251853072 STATUS=INCONSISTENT DETAILS=New ISIN LU0251853072 has missing buy details. Skipped.
2026-01-17 13:04:59,022 - DEBUG - INGESTION ROW: ISIN=IT0005186082 STATUS=INCONSISTENT DETAILS=New ISIN IT0005186082 has missing buy details. Skipped.
2026-01-17 13:04:59,022 - DEBUG - INGESTION ROW: ISIN=LU0171304552 STATUS=INCONSISTENT DETAILS=New ISIN LU0171304552 has missing buy details. Skipped.
2026-01-17 13:04:59,022 - DEBUG - INGESTION ROW: ISIN=NLBNPIT2OWW8 STATUS=INCONSISTENT DETAILS=New ISIN NLBNPIT2OWW8 has missing buy details. Skipped.
2026-01-17 13:04:59,022 - DEBUG - INGESTION ROW: ISIN=XS3124062178 STATUS=INCONSISTENT DETAILS=New ISIN XS3124062178 has missing buy details. Skipped.
2026-01-17 13:04:59,022 - DEBUG - INGESTION ROW: ISIN=XS3174995152 STATUS=INCONSISTENT DETAILS=New ISIN XS3174995152 has missing buy details. Skipped.
2026-01-17 13:04:59,022 - DEBUG - INGESTION ROW: ISIN=CH1290280945 STATUS=INCONSISTENT DETAILS=New ISIN CH1290280945 has missing buy details. Skipped.
2026-01-17 13:04:59,022 - DEBUG - INGESTION ROW: ISIN=CH1467578527 STATUS=INCONSISTENT DETAILS=New ISIN CH1467578527 has missing buy details. Skipped.
2026-01-17 13:04:59,022 - DEBUG - INGESTION ROW: ISIN=IT0005416570 STATUS=INCONSISTENT DETAILS=New ISIN IT0005416570 has missing buy details. Skipped.
2026-01-17 13:04:59,022 - DEBUG - INGESTION ROW: ISIN=LU0170291933 STATUS=INCONSISTENT DETAILS=New ISIN LU0170291933 has missing buy details. Skipped.
2026-01-17 13:04:59,022 - DEBUG - INGESTION ROW: ISIN=LU1278917452 STATUS=INCONSISTENT DETAILS=New ISIN LU1278917452 has missing buy details. Skipped.
2026-01-17 13:04:59,022 - DEBUG - INGESTION ROW: ISIN=LU0599946893 STATUS=INCONSISTENT DETAILS=New ISIN LU0599946893 has missing buy details. Skipped.
2026-01-17 13:04:59,022 - DEBUG - INGESTION ROW: ISIN=IT0001280541 STATUS=INCONSISTENT DETAILS=New ISIN IT0001280541 has missing buy details. Skipped.
2026-01-17 13:04:59,022 - DEBUG - INGESTION ROW: ISIN=IT0003459473 STATUS=INCONSISTENT DETAILS=New ISIN IT0003459473 has missing buy details. Skipped.
2026-01-17 13:04:59,022 - DEBUG - INGESTION ROW: ISIN=LU0766124126 STATUS=INCONSISTENT DETAILS=New ISIN LU0766124126 has missing buy details. Skipped.
2026-01-17 13:04:59,022 - DEBUG - INGESTION ROW: ISIN=LU0528228157 STATUS=INCONSISTENT DETAILS=New ISIN LU0528228157 has missing buy details. Skipped.
2026-01-17 13:04:59,022 - DEBUG - INGESTION ROW: ISIN=IE00B4L5Y983 STATUS=INCONSISTENT DETAILS=New ISIN IE00B4L5Y983 has missing buy details. Skipped.
2026-01-17 13:04:59,023 - DEBUG - INGESTION ROW: ISIN=LU0329202252 STATUS=INCONSISTENT DETAILS=New ISIN LU0329202252 has missing buy details. Skipped.
2026-01-17 13:04:59,023 - DEBUG - INGESTION ROW: ISIN=LU1598691050 STATUS=INCONSISTENT DETAILS=New ISIN LU1598691050 has missing buy details. Skipped.
2026-01-17 13:04:59,023 - DEBUG - INGESTION ROW: ISIN=IT0005444754 STATUS=INCONSISTENT DETAILS=New ISIN IT0005444754 has missing buy details. Skipped.
2026-01-17 13:04:59,023 - DEBUG - INGESTION ROW: ISIN=LU1832969650 STATUS=INCONSISTENT DETAILS=New ISIN LU1832969650 has missing buy details. Skipped.
2026-01-17 13:04:59,023 - DEBUG - INGESTION ROW: ISIN=LU0119620416 STATUS=INCONSISTENT DETAILS=New ISIN LU0119620416 has missing buy details. Skipped.
2026-01-17 13:04:59,023 - DEBUG - INGESTION ROW: ISIN=LU0733673288 STATUS=INCONSISTENT DETAILS=New ISIN LU0733673288 has missing buy details. Skipped.
2026-01-17 13:04:59,023 - DEBUG - INGESTION ROW: ISIN=LU0772944145 STATUS=INCONSISTENT DETAILS=New ISIN LU0772944145 has missing buy details. Skipped.
2026-01-17 13:04:59,023 - DEBUG - INGESTION ROW: ISIN=NL0011683594 STATUS=INCONSISTENT DETAILS=New ISIN NL0011683594 has missing buy details. Skipped.
2026-01-17 13:04:59,023 - DEBUG - INGESTION ROW: ISIN=LU2695671391 STATUS=INCONSISTENT DETAILS=New ISIN LU2695671391 has missing buy details. Skipped.
2026-01-17 13:04:59,023 - DEBUG - INGESTION ROW: ISIN=IE00BMC38736 STATUS=INCONSISTENT DETAILS=New ISIN IE00BMC38736 has missing buy details. Skipped.
2026-01-17 13:04:59,023 - DEBUG - INGESTION ROW: ISIN=IE000YYE6WK5 STATUS=INCONSISTENT DETAILS=New ISIN IE000YYE6WK5 has missing buy details. Skipped.
2026-01-17 13:04:59,023 - DEBUG - INGESTION ROW: ISIN=DE000VG2U9L9 STATUS=INCONSISTENT DETAILS=New ISIN DE000VG2U9L9 has missing buy details. Skipped.
2026-01-17 13:04:59,023 - INFO - COMPLETED Ingestion. Total=29, Updates=29, Missing=0
2026-01-17 13:04:59,024 - INFO - FINAL DB STATE DUMP:
2026-01-17 13:04:59,024 - INFO - DB_DUMP: LU0251853072: 23.644
2026-01-17 13:04:59,024 - INFO - DB_DUMP: IT0005186082: 1739.742
2026-01-17 13:04:59,024 - INFO - DB_DUMP: LU0171304552: 364.09
2026-01-17 13:04:59,025 - INFO - DB_DUMP: NLBNPIT2OWW8: 150.0
2026-01-17 13:04:59,025 - INFO - DB_DUMP: XS3124062178: 110.0
2026-01-17 13:04:59,025 - INFO - DB_DUMP: XS3174995152: 150.0
2026-01-17 13:04:59,025 - INFO - DB_DUMP: CH1290280945: 10.0
2026-01-17 13:04:59,026 - INFO - DB_DUMP: CH1467578527: 11.0
2026-01-17 13:04:59,026 - INFO - DB_DUMP: IT0005416570: 12000.0
2026-01-17 13:04:59,026 - INFO - DB_DUMP: LU0170291933: 59.205
2026-01-17 13:04:59,026 - INFO - DB_DUMP: LU1278917452: 46.465
2026-01-17 13:04:59,026 - INFO - DB_DUMP: LU0599946893: 151.949
2026-01-17 13:04:59,027 - INFO - DB_DUMP: IT0001280541: 1058.762
2026-01-17 13:04:59,027 - INFO - DB_DUMP: IT0003459473: 962.968
2026-01-17 13:04:59,027 - INFO - DB_DUMP: LU0766124126: 993.46
2026-01-17 13:04:59,027 - INFO - DB_DUMP: LU0528228157: 423.15
2026-01-17 13:04:59,028 - INFO - DB_DUMP: IE00B4L5Y983: 70.0
2026-01-17 13:04:59,028 - INFO - DB_DUMP: LU0329202252: 33.834
2026-01-17 13:04:59,028 - INFO - DB_DUMP: LU1598691050: 78.0
2026-01-17 13:04:59,028 - INFO - DB_DUMP: IT0005444754: 6970.367
2026-01-17 13:04:59,029 - INFO - DB_DUMP: LU1832969650: 573.669
2026-01-17 13:04:59,029 - INFO - DB_DUMP: LU0119620416: 95.162
2026-01-17 13:04:59,029 - INFO - DB_DUMP: LU0733673288: 132.682
2026-01-17 13:04:59,030 - INFO - DB_DUMP: LU0772944145: 69.064
2026-01-17 13:04:59,030 - INFO - DB_DUMP: NL0011683594: 150.0
2026-01-17 13:04:59,030 - INFO - DB_DUMP: LU2695671391: 99.9
2026-01-17 13:04:59,030 - INFO - DB_DUMP: IE00BMC38736: 110.0
2026-01-17 13:04:59,031 - INFO - DB_DUMP: IE000YYE6WK5: 203.0
2026-01-17 13:04:59,031 - INFO - DB_DUMP: DE000VG2U9L9: 120.0
2026-01-17 13:11:40,616 - INFO - STARTED Ingestion for file: Uploaded File Stream
2026-01-17 13:11:40,631 - DEBUG - INGESTION ROW: ISIN=LU0251853072 STATUS=PARSED DETAILS=Row 2: Qty=23.644 Op=Acquisto
2026-01-17 13:11:40,631 - DEBUG - INGESTION ROW: ISIN=IT0005186082 STATUS=PARSED DETAILS=Row 3: Qty=1739.742 Op=-
2026-01-17 13:11:40,632 - DEBUG - INGESTION ROW: ISIN=LU0171304552 STATUS=PARSED DETAILS=Row 4: Qty=364.09 Op=-
2026-01-17 13:11:40,632 - DEBUG - INGESTION ROW: ISIN=NLBNPIT2OWW8 STATUS=PARSED DETAILS=Row 5: Qty=150.0 Op=Acquisto
2026-01-17 13:11:40,632 - DEBUG - INGESTION ROW: ISIN=XS3124062178 STATUS=PARSED DETAILS=Row 6: Qty=110.0 Op=-
2026-01-17 13:11:40,633 - DEBUG - INGESTION ROW: ISIN=XS3174995152 STATUS=PARSED DETAILS=Row 7: Qty=150.0 Op=-
2026-01-17 13:11:40,633 - DEBUG - INGESTION ROW: ISIN=CH1290280945 STATUS=PARSED DETAILS=Row 8: Qty=10.0 Op=-
2026-01-17 13:11:40,633 - DEBUG - INGESTION ROW: ISIN=CH1467578527 STATUS=PARSED DETAILS=Row 9: Qty=11.0 Op=-
2026-01-17 13:11:40,634 - DEBUG - INGESTION ROW: ISIN=IT0005416570 STATUS=PARSED DETAILS=Row 10: Qty=12000.0 Op=-
2026-01-17 13:11:40,634 - DEBUG - INGESTION ROW: ISIN=LU0170291933 STATUS=PARSED DETAILS=Row 11: Qty=59.205 Op=-
2026-01-17 13:11:40,634 - DEBUG - INGESTION ROW: ISIN=LU1278917452 STATUS=PARSED DETAILS=Row 12: Qty=46.465 Op=-
2026-01-17 13:11:40,635 - DEBUG - INGESTION ROW: ISIN=LU0599946893 STATUS=PARSED DETAILS=Row 13: Qty=151.949 Op=-
2026-01-17 13:11:40,635 - DEBUG - INGESTION ROW: ISIN=IT0001280541 STATUS=PARSED DETAILS=Row 14: Qty=1058.762 Op=-
2026-01-17 13:11:40,635 - DEBUG - INGESTION ROW: ISIN=IT0003459473 STATUS=PARSED DETAILS=Row 15: Qty=962.968 Op=-
2026-01-17 13:11:40,635 - DEBUG - INGESTION ROW: ISIN=LU0766124126 STATUS=PARSED DETAILS=Row 16: Qty=993.46 Op=-
2026-01-17 13:11:40,635 - DEBUG - INGESTION ROW: ISIN=LU0528228157 STATUS=PARSED DETAILS=Row 17: Qty=423.15 Op=-
2026-01-17 13:11:40,636 - DEBUG - INGESTION ROW: ISIN=IE00B4L5Y983 STATUS=PARSED DETAILS=Row 18: Qty=70.0 Op=-
2026-01-17 13:11:40,636 - DEBUG - INGESTION ROW: ISIN=LU0329202252 STATUS=PARSED DETAILS=Row 19: Qty=33.834 Op=-
2026-01-17 13:11:40,636 - DEBUG - INGESTION ROW: ISIN=LU1598691050 STATUS=PARSED DETAILS=Row 20: Qty=78.0 Op=-
2026-01-17 13:11:40,636 - DEBUG - INGESTION ROW: ISIN=IT0005444754 STATUS=PARSED DETAILS=Row 21: Qty=6970.367 Op=-
2026-01-17 13:11:40,636 - DEBUG - INGESTION ROW: ISIN=LU1832969650 STATUS=PARSED DETAILS=Row 22: Qty=573.669 Op=-
2026-01-17 13:11:40,636 - DEBUG - INGESTION ROW: ISIN=LU0119620416 STATUS=PARSED DETAILS=Row 23: Qty=95.162 Op=-
2026-01-17 13:11:40,637 - DEBUG - INGESTION ROW: ISIN=LU0733673288 STATUS=PARSED DETAILS=Row 24: Qty=132.682 Op=-
2026-01-17 13:11:40,637 - DEBUG - INGESTION ROW: ISIN=LU0772944145 STATUS=PARSED DETAILS=Row 25: Qty=69.064 Op=-
2026-01-17 13:11:40,637 - DEBUG - INGESTION ROW: ISIN=NL0011683594 STATUS=PARSED DETAILS=Row 26: Qty=150.0 Op=-
2026-01-17 13:11:40,637 - DEBUG - INGESTION ROW: ISIN=LU2695671391 STATUS=PARSED DETAILS=Row 27: Qty=99.9 Op=-
2026-01-17 13:11:40,637 - DEBUG - INGESTION ROW: ISIN=IE00BMC38736 STATUS=PARSED DETAILS=Row 28: Qty=110.0 Op=-
2026-01-17 13:11:40,638 - DEBUG - INGESTION ROW: ISIN=IE000YYE6WK5 STATUS=PARSED DETAILS=Row 29: Qty=203.0 Op=-
2026-01-17 13:11:40,638 - DEBUG - INGESTION ROW: ISIN=DE000VG2U9L9 STATUS=PARSED DETAILS=Row 30: Qty=120.0 Op=-
2026-01-17 13:11:40,638 - DEBUG - INGESTION ROW: ISIN=LU0251853072 STATUS=DELTA DETAILS=Acquisto 23.644 (Exc=23.644 DB=0.0)
2026-01-17 13:11:40,638 - DEBUG - INGESTION ROW: ISIN=IT0005186082 STATUS=INCONSISTENT DETAILS=New ISIN IT0005186082 has missing buy details. Skipped.
2026-01-17 13:11:40,638 - DEBUG - INGESTION ROW: ISIN=LU0171304552 STATUS=INCONSISTENT DETAILS=New ISIN LU0171304552 has missing buy details. Skipped.
2026-01-17 13:11:40,638 - DEBUG - INGESTION ROW: ISIN=NLBNPIT2OWW8 STATUS=DELTA DETAILS=Acquisto 150.0 (Exc=150.0 DB=0.0)
2026-01-17 13:11:40,638 - DEBUG - INGESTION ROW: ISIN=XS3124062178 STATUS=INCONSISTENT DETAILS=New ISIN XS3124062178 has missing buy details. Skipped.
2026-01-17 13:11:40,638 - DEBUG - INGESTION ROW: ISIN=XS3174995152 STATUS=INCONSISTENT DETAILS=New ISIN XS3174995152 has missing buy details. Skipped.
2026-01-17 13:11:40,638 - DEBUG - INGESTION ROW: ISIN=CH1290280945 STATUS=INCONSISTENT DETAILS=New ISIN CH1290280945 has missing buy details. Skipped.
2026-01-17 13:11:40,638 - DEBUG - INGESTION ROW: ISIN=CH1467578527 STATUS=INCONSISTENT DETAILS=New ISIN CH1467578527 has missing buy details. Skipped.
2026-01-17 13:11:40,638 - DEBUG - INGESTION ROW: ISIN=IT0005416570 STATUS=INCONSISTENT DETAILS=New ISIN IT0005416570 has missing buy details. Skipped.
2026-01-17 13:11:40,638 - DEBUG - INGESTION ROW: ISIN=LU0170291933 STATUS=INCONSISTENT DETAILS=New ISIN LU0170291933 has missing buy details. Skipped.
2026-01-17 13:11:40,638 - DEBUG - INGESTION ROW: ISIN=LU1278917452 STATUS=INCONSISTENT DETAILS=New ISIN LU1278917452 has missing buy details. Skipped.
2026-01-17 13:11:40,638 - DEBUG - INGESTION ROW: ISIN=LU0599946893 STATUS=INCONSISTENT DETAILS=New ISIN LU0599946893 has missing buy details. Skipped.
2026-01-17 13:11:40,639 - DEBUG - INGESTION ROW: ISIN=IT0001280541 STATUS=INCONSISTENT DETAILS=New ISIN IT0001280541 has missing buy details. Skipped.
2026-01-17 13:11:40,639 - DEBUG - INGESTION ROW: ISIN=IT0003459473 STATUS=INCONSISTENT DETAILS=New ISIN IT0003459473 has missing buy details. Skipped.
2026-01-17 13:11:40,639 - DEBUG - INGESTION ROW: ISIN=LU0766124126 STATUS=INCONSISTENT DETAILS=New ISIN LU0766124126 has missing buy details. Skipped.
2026-01-17 13:11:40,639 - DEBUG - INGESTION ROW: ISIN=LU0528228157 STATUS=INCONSISTENT DETAILS=New ISIN LU0528228157 has missing buy details. Skipped.
2026-01-17 13:11:40,639 - DEBUG - INGESTION ROW: ISIN=IE00B4L5Y983 STATUS=INCONSISTENT DETAILS=New ISIN IE00B4L5Y983 has missing buy details. Skipped.
2026-01-17 13:11:40,639 - DEBUG - INGESTION ROW: ISIN=LU0329202252 STATUS=INCONSISTENT DETAILS=New ISIN LU0329202252 has missing buy details. Skipped.
2026-01-17 13:11:40,639 - DEBUG - INGESTION ROW: ISIN=LU1598691050 STATUS=INCONSISTENT DETAILS=New ISIN LU1598691050 has missing buy details. Skipped.
2026-01-17 13:11:40,639 - DEBUG - INGESTION ROW: ISIN=IT0005444754 STATUS=INCONSISTENT DETAILS=New ISIN IT0005444754 has missing buy details. Skipped.
2026-01-17 13:11:40,639 - DEBUG - INGESTION ROW: ISIN=LU1832969650 STATUS=INCONSISTENT DETAILS=New ISIN LU1832969650 has missing buy details. Skipped.
2026-01-17 13:11:40,639 - DEBUG - INGESTION ROW: ISIN=LU0119620416 STATUS=INCONSISTENT DETAILS=New ISIN LU0119620416 has missing buy details. Skipped.
2026-01-17 13:11:40,639 - DEBUG - INGESTION ROW: ISIN=LU0733673288 STATUS=INCONSISTENT DETAILS=New ISIN LU0733673288 has missing buy details. Skipped.
2026-01-17 13:11:40,639 - DEBUG - INGESTION ROW: ISIN=LU0772944145 STATUS=INCONSISTENT DETAILS=New ISIN LU0772944145 has missing buy details. Skipped.
2026-01-17 13:11:40,639 - DEBUG - INGESTION ROW: ISIN=NL0011683594 STATUS=INCONSISTENT DETAILS=New ISIN NL0011683594 has missing buy details. Skipped.
2026-01-17 13:11:40,639 - DEBUG - INGESTION ROW: ISIN=LU2695671391 STATUS=INCONSISTENT DETAILS=New ISIN LU2695671391 has missing buy details. Skipped.
2026-01-17 13:11:40,639 - DEBUG - INGESTION ROW: ISIN=IE00BMC38736 STATUS=INCONSISTENT DETAILS=New ISIN IE00BMC38736 has missing buy details. Skipped.
2026-01-17 13:11:40,639 - DEBUG - INGESTION ROW: ISIN=IE000YYE6WK5 STATUS=INCONSISTENT DETAILS=New ISIN IE000YYE6WK5 has missing buy details. Skipped.
2026-01-17 13:11:40,639 - DEBUG - INGESTION ROW: ISIN=DE000VG2U9L9 STATUS=INCONSISTENT DETAILS=New ISIN DE000VG2U9L9 has missing buy details. Skipped.
2026-01-17 13:11:40,639 - INFO - COMPLETED Ingestion. Total=29, Updates=29, Missing=0
2026-01-17 13:11:40,640 - INFO - FINAL DB STATE DUMP:
2026-01-17 13:11:40,640 - INFO - DB_DUMP: LU0251853072: 23.644
2026-01-17 13:11:40,642 - INFO - DB_DUMP: IT0005186082: 1739.742
2026-01-17 13:11:40,643 - INFO - DB_DUMP: LU0171304552: 364.09
2026-01-17 13:11:40,643 - INFO - DB_DUMP: NLBNPIT2OWW8: 150.0
2026-01-17 13:11:40,643 - INFO - DB_DUMP: XS3124062178: 110.0
2026-01-17 13:11:40,644 - INFO - DB_DUMP: XS3174995152: 150.0
2026-01-17 13:11:40,644 - INFO - DB_DUMP: CH1290280945: 10.0
2026-01-17 13:11:40,644 - INFO - DB_DUMP: CH1467578527: 11.0
2026-01-17 13:11:40,645 - INFO - DB_DUMP: IT0005416570: 12000.0
2026-01-17 13:11:40,645 - INFO - DB_DUMP: LU0170291933: 59.205
2026-01-17 13:11:40,645 - INFO - DB_DUMP: LU1278917452: 46.465
2026-01-17 13:11:40,646 - INFO - DB_DUMP: LU0599946893: 151.949
2026-01-17 13:11:40,646 - INFO - DB_DUMP: IT0001280541: 1058.762
2026-01-17 13:11:40,646 - INFO - DB_DUMP: IT0003459473: 962.968
2026-01-17 13:11:40,647 - INFO - DB_DUMP: LU0766124126: 993.46
2026-01-17 13:11:40,647 - INFO - DB_DUMP: LU0528228157: 423.15
2026-01-17 13:11:40,647 - INFO - DB_DUMP: IE00B4L5Y983: 70.0
2026-01-17 13:11:40,648 - INFO - DB_DUMP: LU0329202252: 33.834
2026-01-17 13:11:40,648 - INFO - DB_DUMP: LU1598691050: 78.0
2026-01-17 13:11:40,648 - INFO - DB_DUMP: IT0005444754: 6970.367
2026-01-17 13:11:40,648 - INFO - DB_DUMP: LU1832969650: 573.669
2026-01-17 13:11:40,649 - INFO - DB_DUMP: LU0119620416: 95.162
2026-01-17 13:11:40,649 - INFO - DB_DUMP: LU0733673288: 132.682
2026-01-17 13:11:40,649 - INFO - DB_DUMP: LU0772944145: 69.064
2026-01-17 13:11:40,650 - INFO - DB_DUMP: NL0011683594: 150.0
2026-01-17 13:11:40,650 - INFO - DB_DUMP: LU2695671391: 99.9
2026-01-17 13:11:40,650 - INFO - DB_DUMP: IE00BMC38736: 110.0
2026-01-17 13:11:40,651 - INFO - DB_DUMP: IE000YYE6WK5: 203.0
2026-01-17 13:11:40,651 - INFO - DB_DUMP: DE000VG2U9L9: 120.0
2026-01-17 13:14:13,528 - INFO - Backend API Initialized
2026-01-17 13:14:13,839 - INFO - Backend API Initialized
2026-01-17 13:14:24,014 - INFO - Backend API Initialized
2026-01-17 13:14:25,705 - INFO - Backend API Initialized
2026-01-17 13:18:45,888 - WARNING - RESET DB REQUEST RECEIVED
2026-01-17 13:18:45,890 - INFO - DB Reset acknowledged (simulation)
2026-01-17 13:18:54,538 - INFO - STARTED Ingestion for file: Uploaded File Stream
2026-01-17 13:18:55,071 - DEBUG - INGESTION ROW: ISIN=LU0251853072 STATUS=PARSED DETAILS=Row 2: Qty=23.644 Op=Acquisto
2026-01-17 13:18:55,072 - DEBUG - INGESTION ROW: ISIN=IT0005186082 STATUS=PARSED DETAILS=Row 3: Qty=1739.742 Op=-
2026-01-17 13:18:55,072 - DEBUG - INGESTION ROW: ISIN=LU0171304552 STATUS=PARSED DETAILS=Row 4: Qty=364.09 Op=-
2026-01-17 13:18:55,073 - DEBUG - INGESTION ROW: ISIN=NLBNPIT2OWW8 STATUS=PARSED DETAILS=Row 5: Qty=150.0 Op=Acquisto
2026-01-17 13:18:55,073 - DEBUG - INGESTION ROW: ISIN=XS3124062178 STATUS=PARSED DETAILS=Row 6: Qty=110.0 Op=-
2026-01-17 13:18:55,073 - DEBUG - INGESTION ROW: ISIN=XS3174995152 STATUS=PARSED DETAILS=Row 7: Qty=150.0 Op=-
2026-01-17 13:18:55,074 - DEBUG - INGESTION ROW: ISIN=CH1290280945 STATUS=PARSED DETAILS=Row 8: Qty=10.0 Op=-
2026-01-17 13:18:55,074 - DEBUG - INGESTION ROW: ISIN=CH1467578527 STATUS=PARSED DETAILS=Row 9: Qty=11.0 Op=-
2026-01-17 13:18:55,075 - DEBUG - INGESTION ROW: ISIN=IT0005416570 STATUS=PARSED DETAILS=Row 10: Qty=12000.0 Op=-
2026-01-17 13:18:55,075 - DEBUG - INGESTION ROW: ISIN=LU0170291933 STATUS=PARSED DETAILS=Row 11: Qty=59.205 Op=-
2026-01-17 13:18:55,075 - DEBUG - INGESTION ROW: ISIN=LU1278917452 STATUS=PARSED DETAILS=Row 12: Qty=46.465 Op=-
2026-01-17 13:18:55,076 - DEBUG - INGESTION ROW: ISIN=LU0599946893 STATUS=PARSED DETAILS=Row 13: Qty=151.949 Op=-
2026-01-17 13:18:55,076 - DEBUG - INGESTION ROW: ISIN=IT0001280541 STATUS=PARSED DETAILS=Row 14: Qty=1058.762 Op=-
2026-01-17 13:18:55,076 - DEBUG - INGESTION ROW: ISIN=IT0003459473 STATUS=PARSED DETAILS=Row 15: Qty=962.968 Op=-
2026-01-17 13:18:55,077 - DEBUG - INGESTION ROW: ISIN=LU0766124126 STATUS=PARSED DETAILS=Row 16: Qty=993.46 Op=-
2026-01-17 13:18:55,077 - DEBUG - INGESTION ROW: ISIN=LU0528228157 STATUS=PARSED DETAILS=Row 17: Qty=423.15 Op=-
2026-01-17 13:18:55,078 - DEBUG - INGESTION ROW: ISIN=IE00B4L5Y983 STATUS=PARSED DETAILS=Row 18: Qty=70.0 Op=-
2026-01-17 13:18:55,078 - DEBUG - INGESTION ROW: ISIN=LU0329202252 STATUS=PARSED DETAILS=Row 19: Qty=33.834 Op=-
2026-01-17 13:18:55,078 - DEBUG - INGESTION ROW: ISIN=LU1598691050 STATUS=PARSED DETAILS=Row 20: Qty=78.0 Op=-
2026-01-17 13:18:55,079 - DEBUG - INGESTION ROW: ISIN=IT0005444754 STATUS=PARSED DETAILS=Row 21: Qty=6970.367 Op=-
2026-01-17 13:18:55,079 - DEBUG - INGESTION ROW: ISIN=LU1832969650 STATUS=PARSED DETAILS=Row 22: Qty=573.669 Op=-
2026-01-17 13:18:55,079 - DEBUG - INGESTION ROW: ISIN=LU0119620416 STATUS=PARSED DETAILS=Row 23: Qty=95.162 Op=-
2026-01-17 13:18:55,080 - DEBUG - INGESTION ROW: ISIN=LU0733673288 STATUS=PARSED DETAILS=Row 24: Qty=132.682 Op=-
2026-01-17 13:18:55,080 - DEBUG - INGESTION ROW: ISIN=LU0772944145 STATUS=PARSED DETAILS=Row 25: Qty=69.064 Op=-
2026-01-17 13:18:55,080 - DEBUG - INGESTION ROW: ISIN=NL0011683594 STATUS=PARSED DETAILS=Row 26: Qty=150.0 Op=-
2026-01-17 13:18:55,080 - DEBUG - INGESTION ROW: ISIN=LU2695671391 STATUS=PARSED DETAILS=Row 27: Qty=99.9 Op=-
2026-01-17 13:18:55,080 - DEBUG - INGESTION ROW: ISIN=IE00BMC38736 STATUS=PARSED DETAILS=Row 28: Qty=110.0 Op=-
2026-01-17 13:18:55,080 - DEBUG - INGESTION ROW: ISIN=IE000YYE6WK5 STATUS=PARSED DETAILS=Row 29: Qty=203.0 Op=-
2026-01-17 13:18:55,081 - DEBUG - INGESTION ROW: ISIN=DE000VG2U9L9 STATUS=PARSED DETAILS=Row 30: Qty=120.0 Op=-
2026-01-17 13:18:55,081 - DEBUG - INGESTION ROW: ISIN=LU0251853072 STATUS=DELTA DETAILS=Acquisto 23.644 (Exc=23.644 DB=0.0)
2026-01-17 13:18:55,081 - DEBUG - INGESTION ROW: ISIN=IT0005186082 STATUS=INCONSISTENT DETAILS=New ISIN IT0005186082 has missing buy details. Skipped.
2026-01-17 13:18:55,081 - DEBUG - INGESTION ROW: ISIN=LU0171304552 STATUS=INCONSISTENT DETAILS=New ISIN LU0171304552 has missing buy details. Skipped.
2026-01-17 13:18:55,081 - DEBUG - INGESTION ROW: ISIN=NLBNPIT2OWW8 STATUS=DELTA DETAILS=Acquisto 150.0 (Exc=150.0 DB=0.0)
2026-01-17 13:18:55,081 - DEBUG - INGESTION ROW: ISIN=XS3124062178 STATUS=INCONSISTENT DETAILS=New ISIN XS3124062178 has missing buy details. Skipped.
2026-01-17 13:18:55,081 - DEBUG - INGESTION ROW: ISIN=XS3174995152 STATUS=INCONSISTENT DETAILS=New ISIN XS3174995152 has missing buy details. Skipped.
2026-01-17 13:18:55,081 - DEBUG - INGESTION ROW: ISIN=CH1290280945 STATUS=INCONSISTENT DETAILS=New ISIN CH1290280945 has missing buy details. Skipped.
2026-01-17 13:18:55,081 - DEBUG - INGESTION ROW: ISIN=CH1467578527 STATUS=INCONSISTENT DETAILS=New ISIN CH1467578527 has missing buy details. Skipped.
2026-01-17 13:18:55,081 - DEBUG - INGESTION ROW: ISIN=IT0005416570 STATUS=INCONSISTENT DETAILS=New ISIN IT0005416570 has missing buy details. Skipped.
2026-01-17 13:18:55,081 - DEBUG - INGESTION ROW: ISIN=LU0170291933 STATUS=INCONSISTENT DETAILS=New ISIN LU0170291933 has missing buy details. Skipped.
2026-01-17 13:18:55,081 - DEBUG - INGESTION ROW: ISIN=LU1278917452 STATUS=INCONSISTENT DETAILS=New ISIN LU1278917452 has missing buy details. Skipped.
2026-01-17 13:18:55,081 - DEBUG - INGESTION ROW: ISIN=LU0599946893 STATUS=INCONSISTENT DETAILS=New ISIN LU0599946893 has missing buy details. Skipped.
2026-01-17 13:18:55,081 - DEBUG - INGESTION ROW: ISIN=IT0001280541 STATUS=INCONSISTENT DETAILS=New ISIN IT0001280541 has missing buy details. Skipped.
2026-01-17 13:18:55,081 - DEBUG - INGESTION ROW: ISIN=IT0003459473 STATUS=INCONSISTENT DETAILS=New ISIN IT0003459473 has missing buy details. Skipped.
2026-01-17 13:18:55,081 - DEBUG - INGESTION ROW: ISIN=LU0766124126 STATUS=INCONSISTENT DETAILS=New ISIN LU0766124126 has missing buy details. Skipped.
2026-01-17 13:18:55,081 - DEBUG - INGESTION ROW: ISIN=LU0528228157 STATUS=INCONSISTENT DETAILS=New ISIN LU0528228157 has missing buy details. Skipped.
2026-01-17 13:18:55,081 - DEBUG - INGESTION ROW: ISIN=IE00B4L5Y983 STATUS=INCONSISTENT DETAILS=New ISIN IE00B4L5Y983 has missing buy details. Skipped.
2026-01-17 13:18:55,081 - DEBUG - INGESTION ROW: ISIN=LU0329202252 STATUS=INCONSISTENT DETAILS=New ISIN LU0329202252 has missing buy details. Skipped.
2026-01-17 13:18:55,082 - DEBUG - INGESTION ROW: ISIN=LU1598691050 STATUS=INCONSISTENT DETAILS=New ISIN LU1598691050 has missing buy details. Skipped.
2026-01-17 13:18:55,082 - DEBUG - INGESTION ROW: ISIN=IT0005444754 STATUS=INCONSISTENT DETAILS=New ISIN IT0005444754 has missing buy details. Skipped.
2026-01-17 13:18:55,082 - DEBUG - INGESTION ROW: ISIN=LU1832969650 STATUS=INCONSISTENT DETAILS=New ISIN LU1832969650 has missing buy details. Skipped.
2026-01-17 13:18:55,082 - DEBUG - INGESTION ROW: ISIN=LU0119620416 STATUS=INCONSISTENT DETAILS=New ISIN LU0119620416 has missing buy details. Skipped.
2026-01-17 13:18:55,082 - DEBUG - INGESTION ROW: ISIN=LU0733673288 STATUS=INCONSISTENT DETAILS=New ISIN LU0733673288 has missing buy details. Skipped.
2026-01-17 13:18:55,082 - DEBUG - INGESTION ROW: ISIN=LU0772944145 STATUS=INCONSISTENT DETAILS=New ISIN LU0772944145 has missing buy details. Skipped.
2026-01-17 13:18:55,082 - DEBUG - INGESTION ROW: ISIN=NL0011683594 STATUS=INCONSISTENT DETAILS=New ISIN NL0011683594 has missing buy details. Skipped.
2026-01-17 13:18:55,082 - DEBUG - INGESTION ROW: ISIN=LU2695671391 STATUS=INCONSISTENT DETAILS=New ISIN LU2695671391 has missing buy details. Skipped.
2026-01-17 13:18:55,082 - DEBUG - INGESTION ROW: ISIN=IE00BMC38736 STATUS=INCONSISTENT DETAILS=New ISIN IE00BMC38736 has missing buy details. Skipped.
2026-01-17 13:18:55,082 - DEBUG - INGESTION ROW: ISIN=IE000YYE6WK5 STATUS=INCONSISTENT DETAILS=New ISIN IE000YYE6WK5 has missing buy details. Skipped.
2026-01-17 13:18:55,082 - DEBUG - INGESTION ROW: ISIN=DE000VG2U9L9 STATUS=INCONSISTENT DETAILS=New ISIN DE000VG2U9L9 has missing buy details. Skipped.
2026-01-17 13:18:55,082 - INFO - COMPLETED Ingestion. Total=29, Updates=29, Missing=0
2026-01-17 13:18:55,082 - INFO - FINAL DB STATE DUMP:
2026-01-17 13:18:55,083 - INFO - DB_DUMP: LU0251853072: 23.644
2026-01-17 13:18:55,083 - INFO - DB_DUMP: IT0005186082: 1739.742
2026-01-17 13:18:55,083 - INFO - DB_DUMP: LU0171304552: 364.09
2026-01-17 13:18:55,083 - INFO - DB_DUMP: NLBNPIT2OWW8: 150.0
2026-01-17 13:18:55,083 - INFO - DB_DUMP: XS3124062178: 110.0
2026-01-17 13:18:55,084 - INFO - DB_DUMP: XS3174995152: 150.0
2026-01-17 13:18:55,084 - INFO - DB_DUMP: CH1290280945: 10.0
2026-01-17 13:18:55,084 - INFO - DB_DUMP: CH1467578527: 11.0
2026-01-17 13:18:55,085 - INFO - DB_DUMP: IT0005416570: 12000.0
2026-01-17 13:18:55,085 - INFO - DB_DUMP: LU0170291933: 59.205
2026-01-17 13:18:55,085 - INFO - DB_DUMP: LU1278917452: 46.465
2026-01-17 13:18:55,085 - INFO - DB_DUMP: LU0599946893: 151.949
2026-01-17 13:18:55,085 - INFO - DB_DUMP: IT0001280541: 1058.762
2026-01-17 13:18:55,086 - INFO - DB_DUMP: IT0003459473: 962.968
2026-01-17 13:18:55,086 - INFO - DB_DUMP: LU0766124126: 993.46
2026-01-17 13:18:55,086 - INFO - DB_DUMP: LU0528228157: 423.15
2026-01-17 13:18:55,086 - INFO - DB_DUMP: IE00B4L5Y983: 70.0
2026-01-17 13:18:55,086 - INFO - DB_DUMP: LU0329202252: 33.834
2026-01-17 13:18:55,087 - INFO - DB_DUMP: LU1598691050: 78.0
2026-01-17 13:18:55,087 - INFO - DB_DUMP: IT0005444754: 6970.367
2026-01-17 13:18:55,087 - INFO - DB_DUMP: LU1832969650: 573.669
2026-01-17 13:18:55,087 - INFO - DB_DUMP: LU0119620416: 95.162
2026-01-17 13:18:55,088 - INFO - DB_DUMP: LU0733673288: 132.682
2026-01-17 13:18:55,088 - INFO - DB_DUMP: LU0772944145: 69.064
2026-01-17 13:18:55,088 - INFO - DB_DUMP: NL0011683594: 150.0
2026-01-17 13:18:55,089 - INFO - DB_DUMP: LU2695671391: 99.9
2026-01-17 13:18:55,089 - INFO - DB_DUMP: IE00BMC38736: 110.0
2026-01-17 13:18:55,089 - INFO - DB_DUMP: IE000YYE6WK5: 203.0
2026-01-17 13:18:55,090 - INFO - DB_DUMP: DE000VG2U9L9: 120.0
2026-01-17 13:40:31,557 - INFO - STARTED Ingestion for file: Uploaded File Stream
2026-01-17 13:40:31,572 - DEBUG - INGESTION ROW: ISIN=LU0251853072 STATUS=PARSED DETAILS=Row 2: Qty=23.644 Op=Acquisto
2026-01-17 13:40:31,572 - DEBUG - INGESTION ROW: ISIN=IT0005186082 STATUS=PARSED DETAILS=Row 3: Qty=1739.742 Op=-
2026-01-17 13:40:31,572 - DEBUG - INGESTION ROW: ISIN=LU0171304552 STATUS=PARSED DETAILS=Row 4: Qty=364.09 Op=-
2026-01-17 13:40:31,572 - DEBUG - INGESTION ROW: ISIN=NLBNPIT2OWW8 STATUS=PARSED DETAILS=Row 5: Qty=150.0 Op=Acquisto
2026-01-17 13:40:31,572 - DEBUG - INGESTION ROW: ISIN=XS3124062178 STATUS=PARSED DETAILS=Row 6: Qty=110.0 Op=-
2026-01-17 13:40:31,572 - DEBUG - INGESTION ROW: ISIN=XS3174995152 STATUS=PARSED DETAILS=Row 7: Qty=150.0 Op=-
2026-01-17 13:40:31,573 - DEBUG - INGESTION ROW: ISIN=CH1290280945 STATUS=PARSED DETAILS=Row 8: Qty=10.0 Op=-
2026-01-17 13:40:31,573 - DEBUG - INGESTION ROW: ISIN=CH1467578527 STATUS=PARSED DETAILS=Row 9: Qty=11.0 Op=-
2026-01-17 13:40:31,573 - DEBUG - INGESTION ROW: ISIN=IT0005416570 STATUS=PARSED DETAILS=Row 10: Qty=12000.0 Op=-
2026-01-17 13:40:31,573 - DEBUG - INGESTION ROW: ISIN=LU0170291933 STATUS=PARSED DETAILS=Row 11: Qty=59.205 Op=-
2026-01-17 13:40:31,574 - DEBUG - INGESTION ROW: ISIN=LU1278917452 STATUS=PARSED DETAILS=Row 12: Qty=46.465 Op=-
2026-01-17 13:40:31,574 - DEBUG - INGESTION ROW: ISIN=LU0599946893 STATUS=PARSED DETAILS=Row 13: Qty=151.949 Op=-
2026-01-17 13:40:31,575 - DEBUG - INGESTION ROW: ISIN=IT0001280541 STATUS=PARSED DETAILS=Row 14: Qty=1058.762 Op=-
2026-01-17 13:40:31,575 - DEBUG - INGESTION ROW: ISIN=IT0003459473 STATUS=PARSED DETAILS=Row 15: Qty=962.968 Op=-
2026-01-17 13:40:31,576 - DEBUG - INGESTION ROW: ISIN=LU0766124126 STATUS=PARSED DETAILS=Row 16: Qty=993.46 Op=-
2026-01-17 13:40:31,576 - DEBUG - INGESTION ROW: ISIN=LU0528228157 STATUS=PARSED DETAILS=Row 17: Qty=423.15 Op=-
2026-01-17 13:40:31,576 - DEBUG - INGESTION ROW: ISIN=IE00B4L5Y983 STATUS=PARSED DETAILS=Row 18: Qty=70.0 Op=-
2026-01-17 13:40:31,577 - DEBUG - INGESTION ROW: ISIN=LU0329202252 STATUS=PARSED DETAILS=Row 19: Qty=33.834 Op=-
2026-01-17 13:40:31,577 - DEBUG - INGESTION ROW: ISIN=LU1598691050 STATUS=PARSED DETAILS=Row 20: Qty=78.0 Op=-
2026-01-17 13:40:31,578 - DEBUG - INGESTION ROW: ISIN=IT0005444754 STATUS=PARSED DETAILS=Row 21: Qty=6970.367 Op=-
2026-01-17 13:40:31,578 - DEBUG - INGESTION ROW: ISIN=LU1832969650 STATUS=PARSED DETAILS=Row 22: Qty=573.669 Op=-
2026-01-17 13:40:31,578 - DEBUG - INGESTION ROW: ISIN=LU0119620416 STATUS=PARSED DETAILS=Row 23: Qty=95.162 Op=-
2026-01-17 13:40:31,579 - DEBUG - INGESTION ROW: ISIN=LU0733673288 STATUS=PARSED DETAILS=Row 24: Qty=132.682 Op=-
2026-01-17 13:40:31,579 - DEBUG - INGESTION ROW: ISIN=LU0772944145 STATUS=PARSED DETAILS=Row 25: Qty=69.064 Op=-
2026-01-17 13:40:31,579 - DEBUG - INGESTION ROW: ISIN=NL0011683594 STATUS=PARSED DETAILS=Row 26: Qty=150.0 Op=-
2026-01-17 13:40:31,580 - DEBUG - INGESTION ROW: ISIN=LU2695671391 STATUS=PARSED DETAILS=Row 27: Qty=99.9 Op=-
2026-01-17 13:40:31,580 - DEBUG - INGESTION ROW: ISIN=IE00BMC38736 STATUS=PARSED DETAILS=Row 28: Qty=110.0 Op=-
2026-01-17 13:40:31,581 - DEBUG - INGESTION ROW: ISIN=IE000YYE6WK5 STATUS=PARSED DETAILS=Row 29: Qty=203.0 Op=-
2026-01-17 13:40:31,581 - DEBUG - INGESTION ROW: ISIN=DE000VG2U9L9 STATUS=PARSED DETAILS=Row 30: Qty=120.0 Op=-
2026-01-17 13:40:31,581 - DEBUG - INGESTION ROW: ISIN=LU0251853072 STATUS=DELTA DETAILS=Acquisto 23.644 (Exc=23.644 DB=0.0)
2026-01-17 13:40:31,581 - DEBUG - INGESTION ROW: ISIN=IT0005186082 STATUS=INCONSISTENT DETAILS=New ISIN IT0005186082 has missing buy details. Skipped.
2026-01-17 13:40:31,581 - DEBUG - INGESTION ROW: ISIN=LU0171304552 STATUS=INCONSISTENT DETAILS=New ISIN LU0171304552 has missing buy details. Skipped.
2026-01-17 13:40:31,582 - DEBUG - INGESTION ROW: ISIN=NLBNPIT2OWW8 STATUS=DELTA DETAILS=Acquisto 150.0 (Exc=150.0 DB=0.0)
2026-01-17 13:40:31,582 - DEBUG - INGESTION ROW: ISIN=XS3124062178 STATUS=INCONSISTENT DETAILS=New ISIN XS3124062178 has missing buy details. Skipped.
2026-01-17 13:40:31,582 - DEBUG - INGESTION ROW: ISIN=XS3174995152 STATUS=INCONSISTENT DETAILS=New ISIN XS3174995152 has missing buy details. Skipped.
2026-01-17 13:40:31,582 - DEBUG - INGESTION ROW: ISIN=CH1290280945 STATUS=INCONSISTENT DETAILS=New ISIN CH1290280945 has missing buy details. Skipped.
2026-01-17 13:40:31,582 - DEBUG - INGESTION ROW: ISIN=CH1467578527 STATUS=INCONSISTENT DETAILS=New ISIN CH1467578527 has missing buy details. Skipped.
2026-01-17 13:40:31,582 - DEBUG - INGESTION ROW: ISIN=IT0005416570 STATUS=INCONSISTENT DETAILS=New ISIN IT0005416570 has missing buy details. Skipped.
2026-01-17 13:40:31,582 - DEBUG - INGESTION ROW: ISIN=LU0170291933 STATUS=INCONSISTENT DETAILS=New ISIN LU0170291933 has missing buy details. Skipped.
2026-01-17 13:40:31,582 - DEBUG - INGESTION ROW: ISIN=LU1278917452 STATUS=INCONSISTENT DETAILS=New ISIN LU1278917452 has missing buy details. Skipped.
2026-01-17 13:40:31,582 - DEBUG - INGESTION ROW: ISIN=LU0599946893 STATUS=INCONSISTENT DETAILS=New ISIN LU0599946893 has missing buy details. Skipped.
2026-01-17 13:40:31,582 - DEBUG - INGESTION ROW: ISIN=IT0001280541 STATUS=INCONSISTENT DETAILS=New ISIN IT0001280541 has missing buy details. Skipped.
2026-01-17 13:40:31,583 - DEBUG - INGESTION ROW: ISIN=IT0003459473 STATUS=INCONSISTENT DETAILS=New ISIN IT0003459473 has missing buy details. Skipped.
2026-01-17 13:40:31,583 - DEBUG - INGESTION ROW: ISIN=LU0766124126 STATUS=INCONSISTENT DETAILS=New ISIN LU0766124126 has missing buy details. Skipped.
2026-01-17 13:40:31,583 - DEBUG - INGESTION ROW: ISIN=LU0528228157 STATUS=INCONSISTENT DETAILS=New ISIN LU0528228157 has missing buy details. Skipped.
2026-01-17 13:40:31,583 - DEBUG - INGESTION ROW: ISIN=IE00B4L5Y983 STATUS=INCONSISTENT DETAILS=New ISIN IE00B4L5Y983 has missing buy details. Skipped.
2026-01-17 13:40:31,583 - DEBUG - INGESTION ROW: ISIN=LU0329202252 STATUS=INCONSISTENT DETAILS=New ISIN LU0329202252 has missing buy details. Skipped.
2026-01-17 13:40:31,583 - DEBUG - INGESTION ROW: ISIN=LU1598691050 STATUS=INCONSISTENT DETAILS=New ISIN LU1598691050 has missing buy details. Skipped.
2026-01-17 13:40:31,583 - DEBUG - INGESTION ROW: ISIN=IT0005444754 STATUS=INCONSISTENT DETAILS=New ISIN IT0005444754 has missing buy details. Skipped.
2026-01-17 13:40:31,583 - DEBUG - INGESTION ROW: ISIN=LU1832969650 STATUS=INCONSISTENT DETAILS=New ISIN LU1832969650 has missing buy details. Skipped.
2026-01-17 13:40:31,583 - DEBUG - INGESTION ROW: ISIN=LU0119620416 STATUS=INCONSISTENT DETAILS=New ISIN LU0119620416 has missing buy details. Skipped.
2026-01-17 13:40:31,583 - DEBUG - INGESTION ROW: ISIN=LU0733673288 STATUS=INCONSISTENT DETAILS=New ISIN LU0733673288 has missing buy details. Skipped.
2026-01-17 13:40:31,583 - DEBUG - INGESTION ROW: ISIN=LU0772944145 STATUS=INCONSISTENT DETAILS=New ISIN LU0772944145 has missing buy details. Skipped.
2026-01-17 13:40:31,584 - DEBUG - INGESTION ROW: ISIN=NL0011683594 STATUS=INCONSISTENT DETAILS=New ISIN NL0011683594 has missing buy details. Skipped.
2026-01-17 13:40:31,584 - DEBUG - INGESTION ROW: ISIN=LU2695671391 STATUS=INCONSISTENT DETAILS=New ISIN LU2695671391 has missing buy details. Skipped.
2026-01-17 13:40:31,584 - DEBUG - INGESTION ROW: ISIN=IE00BMC38736 STATUS=INCONSISTENT DETAILS=New ISIN IE00BMC38736 has missing buy details. Skipped.
2026-01-17 13:40:31,584 - DEBUG - INGESTION ROW: ISIN=IE000YYE6WK5 STATUS=INCONSISTENT DETAILS=New ISIN IE000YYE6WK5 has missing buy details. Skipped.
2026-01-17 13:40:31,584 - DEBUG - INGESTION ROW: ISIN=DE000VG2U9L9 STATUS=INCONSISTENT DETAILS=New ISIN DE000VG2U9L9 has missing buy details. Skipped.
2026-01-17 13:40:31,584 - INFO - COMPLETED Ingestion. Total=29, Updates=29, Missing=0
2026-01-17 13:40:31,584 - INFO - FINAL DB STATE DUMP:
2026-01-17 13:40:31,585 - INFO - DB_DUMP: LU0251853072: 23.644
2026-01-17 13:40:31,585 - INFO - DB_DUMP: IT0005186082: 1739.742
2026-01-17 13:40:31,585 - INFO - DB_DUMP: LU0171304552: 364.09
2026-01-17 13:40:31,585 - INFO - DB_DUMP: NLBNPIT2OWW8: 150.0
2026-01-17 13:40:31,586 - INFO - DB_DUMP: XS3124062178: 110.0
2026-01-17 13:40:31,586 - INFO - DB_DUMP: XS3174995152: 150.0
2026-01-17 13:40:31,586 - INFO - DB_DUMP: CH1290280945: 10.0
2026-01-17 13:40:31,586 - INFO - DB_DUMP: CH1467578527: 11.0
2026-01-17 13:40:31,587 - INFO - DB_DUMP: IT0005416570: 12000.0
2026-01-17 13:40:31,587 - INFO - DB_DUMP: LU0170291933: 59.205
2026-01-17 13:40:31,587 - INFO - DB_DUMP: LU1278917452: 46.465
2026-01-17 13:40:31,587 - INFO - DB_DUMP: LU0599946893: 151.949
2026-01-17 13:40:31,587 - INFO - DB_DUMP: IT0001280541: 1058.762
2026-01-17 13:40:31,588 - INFO - DB_DUMP: IT0003459473: 962.968
2026-01-17 13:40:31,588 - INFO - DB_DUMP: LU0766124126: 993.46
2026-01-17 13:40:31,588 - INFO - DB_DUMP: LU0528228157: 423.15
2026-01-17 13:40:31,588 - INFO - DB_DUMP: IE00B4L5Y983: 70.0
2026-01-17 13:40:31,589 - INFO - DB_DUMP: LU0329202252: 33.834
2026-01-17 13:40:31,589 - INFO - DB_DUMP: LU1598691050: 78.0
2026-01-17 13:40:31,590 - INFO - DB_DUMP: IT0005444754: 6970.367
2026-01-17 13:40:31,590 - INFO - DB_DUMP: LU1832969650: 573.669
2026-01-17 13:40:31,590 - INFO - DB_DUMP: LU0119620416: 95.162
2026-01-17 13:40:31,591 - INFO - DB_DUMP: LU0733673288: 132.682
2026-01-17 13:40:31,591 - INFO - DB_DUMP: LU0772944145: 69.064
2026-01-17 13:40:31,592 - INFO - DB_DUMP: NL0011683594: 150.0
2026-01-17 13:40:31,592 - INFO - DB_DUMP: LU2695671391: 99.9
2026-01-17 13:40:31,592 - INFO - DB_DUMP: IE00BMC38736: 110.0
2026-01-17 13:40:31,593 - INFO - DB_DUMP: IE000YYE6WK5: 203.0
2026-01-17 13:40:31,593 - INFO - DB_DUMP: DE000VG2U9L9: 120.0
2026-01-17 13:47:42,362 - INFO - STARTED Ingestion for file: Uploaded File Stream
2026-01-17 13:47:42,380 - DEBUG - INGESTION ROW: ISIN=LU0251853072 STATUS=PARSED DETAILS=Row 2: Qty=23.644 Op=Acquisto
2026-01-17 13:47:42,380 - DEBUG - INGESTION ROW: ISIN=IT0005186082 STATUS=PARSED DETAILS=Row 3: Qty=1739.742 Op=-
2026-01-17 13:47:42,381 - DEBUG - INGESTION ROW: ISIN=LU0171304552 STATUS=PARSED DETAILS=Row 4: Qty=364.09 Op=-
2026-01-17 13:47:42,381 - DEBUG - INGESTION ROW: ISIN=NLBNPIT2OWW8 STATUS=PARSED DETAILS=Row 5: Qty=150.0 Op=Acquisto
2026-01-17 13:47:42,381 - DEBUG - INGESTION ROW: ISIN=XS3124062178 STATUS=PARSED DETAILS=Row 6: Qty=110.0 Op=-
2026-01-17 13:47:42,382 - DEBUG - INGESTION ROW: ISIN=XS3174995152 STATUS=PARSED DETAILS=Row 7: Qty=150.0 Op=-
2026-01-17 13:47:42,382 - DEBUG - INGESTION ROW: ISIN=CH1290280945 STATUS=PARSED DETAILS=Row 8: Qty=10.0 Op=-
2026-01-17 13:47:42,382 - DEBUG - INGESTION ROW: ISIN=CH1467578527 STATUS=PARSED DETAILS=Row 9: Qty=11.0 Op=-
2026-01-17 13:47:42,382 - DEBUG - INGESTION ROW: ISIN=IT0005416570 STATUS=PARSED DETAILS=Row 10: Qty=12000.0 Op=-
2026-01-17 13:47:42,383 - DEBUG - INGESTION ROW: ISIN=LU0170291933 STATUS=PARSED DETAILS=Row 11: Qty=59.205 Op=-
2026-01-17 13:47:42,383 - DEBUG - INGESTION ROW: ISIN=LU1278917452 STATUS=PARSED DETAILS=Row 12: Qty=46.465 Op=-
2026-01-17 13:47:42,383 - DEBUG - INGESTION ROW: ISIN=LU0599946893 STATUS=PARSED DETAILS=Row 13: Qty=151.949 Op=-
2026-01-17 13:47:42,384 - DEBUG - INGESTION ROW: ISIN=IT0001280541 STATUS=PARSED DETAILS=Row 14: Qty=1058.762 Op=-
2026-01-17 13:47:42,384 - DEBUG - INGESTION ROW: ISIN=IT0003459473 STATUS=PARSED DETAILS=Row 15: Qty=962.968 Op=-
2026-01-17 13:47:42,384 - DEBUG - INGESTION ROW: ISIN=LU0766124126 STATUS=PARSED DETAILS=Row 16: Qty=993.46 Op=-
2026-01-17 13:47:42,385 - DEBUG - INGESTION ROW: ISIN=LU0528228157 STATUS=PARSED DETAILS=Row 17: Qty=423.15 Op=-
2026-01-17 13:47:42,385 - DEBUG - INGESTION ROW: ISIN=IE00B4L5Y983 STATUS=PARSED DETAILS=Row 18: Qty=70.0 Op=-
2026-01-17 13:47:42,385 - DEBUG - INGESTION ROW: ISIN=LU0329202252 STATUS=PARSED DETAILS=Row 19: Qty=33.834 Op=-
2026-01-17 13:47:42,386 - DEBUG - INGESTION ROW: ISIN=LU1598691050 STATUS=PARSED DETAILS=Row 20: Qty=78.0 Op=-
2026-01-17 13:47:42,386 - DEBUG - INGESTION ROW: ISIN=IT0005444754 STATUS=PARSED DETAILS=Row 21: Qty=6970.367 Op=-
2026-01-17 13:47:42,386 - DEBUG - INGESTION ROW: ISIN=LU1832969650 STATUS=PARSED DETAILS=Row 22: Qty=573.669 Op=-
2026-01-17 13:47:42,387 - DEBUG - INGESTION ROW: ISIN=LU0119620416 STATUS=PARSED DETAILS=Row 23: Qty=95.162 Op=-
2026-01-17 13:47:42,387 - DEBUG - INGESTION ROW: ISIN=LU0733673288 STATUS=PARSED DETAILS=Row 24: Qty=132.682 Op=-
2026-01-17 13:47:42,387 - DEBUG - INGESTION ROW: ISIN=LU0772944145 STATUS=PARSED DETAILS=Row 25: Qty=69.064 Op=-
2026-01-17 13:47:42,388 - DEBUG - INGESTION ROW: ISIN=NL0011683594 STATUS=PARSED DETAILS=Row 26: Qty=150.0 Op=-
2026-01-17 13:47:42,388 - DEBUG - INGESTION ROW: ISIN=LU2695671391 STATUS=PARSED DETAILS=Row 27: Qty=99.9 Op=-
2026-01-17 13:47:42,388 - DEBUG - INGESTION ROW: ISIN=IE00BMC38736 STATUS=PARSED DETAILS=Row 28: Qty=110.0 Op=-
2026-01-17 13:47:42,389 - DEBUG - INGESTION ROW: ISIN=IE000YYE6WK5 STATUS=PARSED DETAILS=Row 29: Qty=203.0 Op=-
2026-01-17 13:47:42,389 - DEBUG - INGESTION ROW: ISIN=DE000VG2U9L9 STATUS=PARSED DETAILS=Row 30: Qty=120.0 Op=-
2026-01-17 13:47:42,389 - DEBUG - INGESTION ROW: ISIN=LU0251853072 STATUS=DELTA DETAILS=Acquisto 23.644 (Exc=23.644 DB=0.0)
2026-01-17 13:47:42,389 - DEBUG - INGESTION ROW: ISIN=IT0005186082 STATUS=INCONSISTENT DETAILS=New ISIN IT0005186082 has missing buy details. Skipped.
2026-01-17 13:47:42,389 - DEBUG - INGESTION ROW: ISIN=LU0171304552 STATUS=INCONSISTENT DETAILS=New ISIN LU0171304552 has missing buy details. Skipped.
2026-01-17 13:47:42,390 - DEBUG - INGESTION ROW: ISIN=NLBNPIT2OWW8 STATUS=DELTA DETAILS=Acquisto 150.0 (Exc=150.0 DB=0.0)
2026-01-17 13:47:42,390 - DEBUG - INGESTION ROW: ISIN=XS3124062178 STATUS=INCONSISTENT DETAILS=New ISIN XS3124062178 has missing buy details. Skipped.
2026-01-17 13:47:42,390 - DEBUG - INGESTION ROW: ISIN=XS3174995152 STATUS=INCONSISTENT DETAILS=New ISIN XS3174995152 has missing buy details. Skipped.
2026-01-17 13:47:42,390 - DEBUG - INGESTION ROW: ISIN=CH1290280945 STATUS=INCONSISTENT DETAILS=New ISIN CH1290280945 has missing buy details. Skipped.
2026-01-17 13:47:42,390 - DEBUG - INGESTION ROW: ISIN=CH1467578527 STATUS=INCONSISTENT DETAILS=New ISIN CH1467578527 has missing buy details. Skipped.
2026-01-17 13:47:42,390 - DEBUG - INGESTION ROW: ISIN=IT0005416570 STATUS=INCONSISTENT DETAILS=New ISIN IT0005416570 has missing buy details. Skipped.
2026-01-17 13:47:42,390 - DEBUG - INGESTION ROW: ISIN=LU0170291933 STATUS=INCONSISTENT DETAILS=New ISIN LU0170291933 has missing buy details. Skipped.
2026-01-17 13:47:42,390 - DEBUG - INGESTION ROW: ISIN=LU1278917452 STATUS=INCONSISTENT DETAILS=New ISIN LU1278917452 has missing buy details. Skipped.
2026-01-17 13:47:42,390 - DEBUG - INGESTION ROW: ISIN=LU0599946893 STATUS=INCONSISTENT DETAILS=New ISIN LU0599946893 has missing buy details. Skipped.
2026-01-17 13:47:42,390 - DEBUG - INGESTION ROW: ISIN=IT0001280541 STATUS=INCONSISTENT DETAILS=New ISIN IT0001280541 has missing buy details. Skipped.
2026-01-17 13:47:42,391 - DEBUG - INGESTION ROW: ISIN=IT0003459473 STATUS=INCONSISTENT DETAILS=New ISIN IT0003459473 has missing buy details. Skipped.
2026-01-17 13:47:42,391 - DEBUG - INGESTION ROW: ISIN=LU0766124126 STATUS=INCONSISTENT DETAILS=New ISIN LU0766124126 has missing buy details. Skipped.
2026-01-17 13:47:42,391 - DEBUG - INGESTION ROW: ISIN=LU0528228157 STATUS=INCONSISTENT DETAILS=New ISIN LU0528228157 has missing buy details. Skipped.
2026-01-17 13:47:42,391 - DEBUG - INGESTION ROW: ISIN=IE00B4L5Y983 STATUS=INCONSISTENT DETAILS=New ISIN IE00B4L5Y983 has missing buy details. Skipped.
2026-01-17 13:47:42,391 - DEBUG - INGESTION ROW: ISIN=LU0329202252 STATUS=INCONSISTENT DETAILS=New ISIN LU0329202252 has missing buy details. Skipped.
2026-01-17 13:47:42,391 - DEBUG - INGESTION ROW: ISIN=LU1598691050 STATUS=INCONSISTENT DETAILS=New ISIN LU1598691050 has missing buy details. Skipped.
2026-01-17 13:47:42,391 - DEBUG - INGESTION ROW: ISIN=IT0005444754 STATUS=INCONSISTENT DETAILS=New ISIN IT0005444754 has missing buy details. Skipped.
2026-01-17 13:47:42,391 - DEBUG - INGESTION ROW: ISIN=LU1832969650 STATUS=INCONSISTENT DETAILS=New ISIN LU1832969650 has missing buy details. Skipped.
2026-01-17 13:47:42,391 - DEBUG - INGESTION ROW: ISIN=LU0119620416 STATUS=INCONSISTENT DETAILS=New ISIN LU0119620416 has missing buy details. Skipped.
2026-01-17 13:47:42,391 - DEBUG - INGESTION ROW: ISIN=LU0733673288 STATUS=INCONSISTENT DETAILS=New ISIN LU0733673288 has missing buy details. Skipped.
2026-01-17 13:47:42,392 - DEBUG - INGESTION ROW: ISIN=LU0772944145 STATUS=INCONSISTENT DETAILS=New ISIN LU0772944145 has missing buy details. Skipped.
2026-01-17 13:47:42,392 - DEBUG - INGESTION ROW: ISIN=NL0011683594 STATUS=INCONSISTENT DETAILS=New ISIN NL0011683594 has missing buy details. Skipped.
2026-01-17 13:47:42,392 - DEBUG - INGESTION ROW: ISIN=LU2695671391 STATUS=INCONSISTENT DETAILS=New ISIN LU2695671391 has missing buy details. Skipped.
2026-01-17 13:47:42,392 - DEBUG - INGESTION ROW: ISIN=IE00BMC38736 STATUS=INCONSISTENT DETAILS=New ISIN IE00BMC38736 has missing buy details. Skipped.
2026-01-17 13:47:42,392 - DEBUG - INGESTION ROW: ISIN=IE000YYE6WK5 STATUS=INCONSISTENT DETAILS=New ISIN IE000YYE6WK5 has missing buy details. Skipped.
2026-01-17 13:47:42,392 - DEBUG - INGESTION ROW: ISIN=DE000VG2U9L9 STATUS=INCONSISTENT DETAILS=New ISIN DE000VG2U9L9 has missing buy details. Skipped.
2026-01-17 13:47:42,392 - INFO - COMPLETED Ingestion. Total=29, Updates=29, Missing=0
2026-01-17 13:47:42,392 - INFO - FINAL DB STATE DUMP:
2026-01-17 13:47:42,392 - INFO - DB_DUMP: LU0251853072: 23.644
2026-01-17 13:47:42,393 - INFO - DB_DUMP: IT0005186082: 1739.742
2026-01-17 13:47:42,393 - INFO - DB_DUMP: LU0171304552: 364.09
2026-01-17 13:47:42,393 - INFO - DB_DUMP: NLBNPIT2OWW8: 150.0
2026-01-17 13:47:42,393 - INFO - DB_DUMP: XS3124062178: 110.0
2026-01-17 13:47:42,394 - INFO - DB_DUMP: XS3174995152: 150.0
2026-01-17 13:47:42,394 - INFO - DB_DUMP: CH1290280945: 10.0
2026-01-17 13:47:42,394 - INFO - DB_DUMP: CH1467578527: 11.0
2026-01-17 13:47:42,394 - INFO - DB_DUMP: IT0005416570: 12000.0
2026-01-17 13:47:42,395 - INFO - DB_DUMP: LU0170291933: 59.205
2026-01-17 13:47:42,395 - INFO - DB_DUMP: LU1278917452: 46.465
2026-01-17 13:47:42,395 - INFO - DB_DUMP: LU0599946893: 151.949
2026-01-17 13:47:42,395 - INFO - DB_DUMP: IT0001280541: 1058.762
2026-01-17 13:47:42,395 - INFO - DB_DUMP: IT0003459473: 962.968
2026-01-17 13:47:42,396 - INFO - DB_DUMP: LU0766124126: 993.46
2026-01-17 13:47:42,396 - INFO - DB_DUMP: LU0528228157: 423.15
2026-01-17 13:47:42,396 - INFO - DB_DUMP: IE00B4L5Y983: 70.0
2026-01-17 13:47:42,396 - INFO - DB_DUMP: LU0329202252: 33.834
2026-01-17 13:47:42,397 - INFO - DB_DUMP: LU1598691050: 78.0
2026-01-17 13:47:42,397 - INFO - DB_DUMP: IT0005444754: 6970.367
2026-01-17 13:47:42,397 - INFO - DB_DUMP: LU1832969650: 573.669
2026-01-17 13:47:42,397 - INFO - DB_DUMP: LU0119620416: 95.162
2026-01-17 13:47:42,398 - INFO - DB_DUMP: LU0733673288: 132.682
2026-01-17 13:47:42,398 - INFO - DB_DUMP: LU0772944145: 69.064
2026-01-17 13:47:42,398 - INFO - DB_DUMP: NL0011683594: 150.0
2026-01-17 13:47:42,398 - INFO - DB_DUMP: LU2695671391: 99.9
2026-01-17 13:47:42,399 - INFO - DB_DUMP: IE00BMC38736: 110.0
2026-01-17 13:47:42,399 - INFO - DB_DUMP: IE000YYE6WK5: 203.0
2026-01-17 13:47:42,399 - INFO - DB_DUMP: DE000VG2U9L9: 120.0
